<?xml version="1.0" encoding="UTF-8"?>
<!-- Generated by org.testng.reporters.JUnitReportReporter -->
<testsuite skipped="0" hostname="ASUS-K53SM" name="com.ecommerce.testscripts.ProductPriceCompareTest" tests="1" failures="0" timestamp="31 Jan 2020 14:32:19 GMT" time="18.961" errors="0">
  <testcase name="tc_001_iphonePriceCompare" time="18.961" classname="com.ecommerce.testscripts.ProductPriceCompareTest"/>
</testsuite> <!-- com.ecommerce.testscripts.ProductPriceCompareTest -->
